<?xml version="1.0" encoding="UTF-8"?>
<!-- Generated by org.testng.reporters.JUnitReportReporter -->
<testsuite hostname="DML-J87JHL3" failures="0" tests="5" name="Selenuim_Assignment.LoginSetup" time="72.300" errors="0" timestamp="2022-09-25T19:24:13 IST" skipped="0">
  <testcase classname="Selenuim_Assignment.LoginSetup" name="browser" time="65.220"/>
  <system-out/>
  <testcase classname="Selenuim_Assignment.LoginSetup" name="opening_amazon" time="2.542"/>
  <system-out/>
  <testcase classname="Selenuim_Assignment.LoginSetup" name="scoll_till_brands" time="1.527"/>
  <system-out/>
  <testcase classname="Selenuim_Assignment.LoginSetup" name="click_on_television" time="1.068"/>
  <system-out/>
  <testcase classname="Selenuim_Assignment.LoginSetup" name="select_samsung_filter" time="1.943"/>
  <system-out/>
</testsuite> <!-- Selenuim_Assignment.LoginSetup -->
